---- Original Code ----
tecData = Logo
---- Raw AST ----
Con
    ( SrcSpanInfo
        { srcInfoSpan = SrcSpan "<unknown>.hs" 1 11 1 15
        , srcInfoPoints = []
        }
    )
    ( UnQual
        ( SrcSpanInfo
            { srcInfoSpan = SrcSpan "<unknown>.hs" 1 11 1 15
            , srcInfoPoints = []
            }
        )
        ( Ident
            ( SrcSpanInfo
                { srcInfoSpan = SrcSpan "<unknown>.hs" 1 11 1 15
                , srcInfoPoints = []
                }
            ) "Logo"
        )
    )
---- Json encoded ----
{
    "className": "Logo",
    "parameters": [],
    "tag": "TecCon"
}
---- Original Code ----
tecData = HStack [Logo]
---- Raw AST ----
App
    ( SrcSpanInfo
        { srcInfoSpan = SrcSpan "<unknown>.hs" 1 11 1 24
        , srcInfoPoints = []
        }
    )
    ( Con
        ( SrcSpanInfo
            { srcInfoSpan = SrcSpan "<unknown>.hs" 1 11 1 17
            , srcInfoPoints = []
            }
        )
        ( UnQual
            ( SrcSpanInfo
                { srcInfoSpan = SrcSpan "<unknown>.hs" 1 11 1 17
                , srcInfoPoints = []
                }
            )
            ( Ident
                ( SrcSpanInfo
                    { srcInfoSpan = SrcSpan "<unknown>.hs" 1 11 1 17
                    , srcInfoPoints = []
                    }
                ) "HStack"
            )
        )
    )
    ( List
        ( SrcSpanInfo
            { srcInfoSpan = SrcSpan "<unknown>.hs" 1 18 1 24
            , srcInfoPoints =
                [ SrcSpan "<unknown>.hs" 1 18 1 19
                , SrcSpan "<unknown>.hs" 1 23 1 24
                ]
            }
        )
        [ Con
            ( SrcSpanInfo
                { srcInfoSpan = SrcSpan "<unknown>.hs" 1 19 1 23
                , srcInfoPoints = []
                }
            )
            ( UnQual
                ( SrcSpanInfo
                    { srcInfoSpan = SrcSpan "<unknown>.hs" 1 19 1 23
                    , srcInfoPoints = []
                    }
                )
                ( Ident
                    ( SrcSpanInfo
                        { srcInfoSpan = SrcSpan "<unknown>.hs" 1 19 1 23
                        , srcInfoPoints = []
                        }
                    ) "Logo"
                )
            )
        ]
    )
---- Json encoded ----
{
    "className": "HStack",
    "parameters": [
        {
            "list": [
                {
                    "className": "Logo",
                    "parameters": [],
                    "tag": "TecCon"
                }
            ],
            "tag": "TecList"
        }
    ],
    "tag": "TecCon"
}
---- Original Code ----
tecData = Colorway 0
---- Raw AST ----
App
    ( SrcSpanInfo
        { srcInfoSpan = SrcSpan "<unknown>.hs" 1 11 1 21
        , srcInfoPoints = []
        }
    )
    ( Con
        ( SrcSpanInfo
            { srcInfoSpan = SrcSpan "<unknown>.hs" 1 11 1 19
            , srcInfoPoints = []
            }
        )
        ( UnQual
            ( SrcSpanInfo
                { srcInfoSpan = SrcSpan "<unknown>.hs" 1 11 1 19
                , srcInfoPoints = []
                }
            )
            ( Ident
                ( SrcSpanInfo
                    { srcInfoSpan = SrcSpan "<unknown>.hs" 1 11 1 19
                    , srcInfoPoints = []
                    }
                ) "Colorway"
            )
        )
    )
    ( Lit
        ( SrcSpanInfo
            { srcInfoSpan = SrcSpan "<unknown>.hs" 1 20 1 21
            , srcInfoPoints = []
            }
        )
        ( Int
            ( SrcSpanInfo
                { srcInfoSpan = SrcSpan "<unknown>.hs" 1 20 1 21
                , srcInfoPoints = []
                }
            ) 0 "0"
        )
    )
---- Json encoded ----
{
    "className": "Colorway",
    "parameters": [
        {
            "int": 0,
            "tag": "TecInt"
        }
    ],
    "tag": "TecCon"
}
---- Original Code ----
tecData = Pantone "red"
---- Raw AST ----
App
    ( SrcSpanInfo
        { srcInfoSpan = SrcSpan "<unknown>.hs" 1 11 1 24
        , srcInfoPoints = []
        }
    )
    ( Con
        ( SrcSpanInfo
            { srcInfoSpan = SrcSpan "<unknown>.hs" 1 11 1 18
            , srcInfoPoints = []
            }
        )
        ( UnQual
            ( SrcSpanInfo
                { srcInfoSpan = SrcSpan "<unknown>.hs" 1 11 1 18
                , srcInfoPoints = []
                }
            )
            ( Ident
                ( SrcSpanInfo
                    { srcInfoSpan = SrcSpan "<unknown>.hs" 1 11 1 18
                    , srcInfoPoints = []
                    }
                ) "Pantone"
            )
        )
    )
    ( Lit
        ( SrcSpanInfo
            { srcInfoSpan = SrcSpan "<unknown>.hs" 1 19 1 24
            , srcInfoPoints = []
            }
        )
        ( String
            ( SrcSpanInfo
                { srcInfoSpan = SrcSpan "<unknown>.hs" 1 19 1 24
                , srcInfoPoints = []
                }
            ) "red" "red"
        )
    )
---- Json encoded ----
{
    "className": "Pantone",
    "parameters": [
        {
            "str": "red",
            "tag": "TecStr"
        }
    ],
    "tag": "TecCon"
}
---- Original Code ----
tecData = VStack [HStack [Logo], Colorway 42]
---- Raw AST ----
App
    ( SrcSpanInfo
        { srcInfoSpan = SrcSpan "<unknown>.hs" 1 11 1 46
        , srcInfoPoints = []
        }
    )
    ( Con
        ( SrcSpanInfo
            { srcInfoSpan = SrcSpan "<unknown>.hs" 1 11 1 17
            , srcInfoPoints = []
            }
        )
        ( UnQual
            ( SrcSpanInfo
                { srcInfoSpan = SrcSpan "<unknown>.hs" 1 11 1 17
                , srcInfoPoints = []
                }
            )
            ( Ident
                ( SrcSpanInfo
                    { srcInfoSpan = SrcSpan "<unknown>.hs" 1 11 1 17
                    , srcInfoPoints = []
                    }
                ) "VStack"
            )
        )
    )
    ( List
        ( SrcSpanInfo
            { srcInfoSpan = SrcSpan "<unknown>.hs" 1 18 1 46
            , srcInfoPoints =
                [ SrcSpan "<unknown>.hs" 1 18 1 19
                , SrcSpan "<unknown>.hs" 1 32 1 33
                , SrcSpan "<unknown>.hs" 1 45 1 46
                ]
            }
        )
        [ App
            ( SrcSpanInfo
                { srcInfoSpan = SrcSpan "<unknown>.hs" 1 19 1 32
                , srcInfoPoints = []
                }
            )
            ( Con
                ( SrcSpanInfo
                    { srcInfoSpan = SrcSpan "<unknown>.hs" 1 19 1 25
                    , srcInfoPoints = []
                    }
                )
                ( UnQual
                    ( SrcSpanInfo
                        { srcInfoSpan = SrcSpan "<unknown>.hs" 1 19 1 25
                        , srcInfoPoints = []
                        }
                    )
                    ( Ident
                        ( SrcSpanInfo
                            { srcInfoSpan = SrcSpan "<unknown>.hs" 1 19 1 25
                            , srcInfoPoints = []
                            }
                        ) "HStack"
                    )
                )
            )
            ( List
                ( SrcSpanInfo
                    { srcInfoSpan = SrcSpan "<unknown>.hs" 1 26 1 32
                    , srcInfoPoints =
                        [ SrcSpan "<unknown>.hs" 1 26 1 27
                        , SrcSpan "<unknown>.hs" 1 31 1 32
                        ]
                    }
                )
                [ Con
                    ( SrcSpanInfo
                        { srcInfoSpan = SrcSpan "<unknown>.hs" 1 27 1 31
                        , srcInfoPoints = []
                        }
                    )
                    ( UnQual
                        ( SrcSpanInfo
                            { srcInfoSpan = SrcSpan "<unknown>.hs" 1 27 1 31
                            , srcInfoPoints = []
                            }
                        )
                        ( Ident
                            ( SrcSpanInfo
                                { srcInfoSpan = SrcSpan "<unknown>.hs" 1 27 1 31
                                , srcInfoPoints = []
                                }
                            ) "Logo"
                        )
                    )
                ]
            )
        , App
            ( SrcSpanInfo
                { srcInfoSpan = SrcSpan "<unknown>.hs" 1 34 1 45
                , srcInfoPoints = []
                }
            )
            ( Con
                ( SrcSpanInfo
                    { srcInfoSpan = SrcSpan "<unknown>.hs" 1 34 1 42
                    , srcInfoPoints = []
                    }
                )
                ( UnQual
                    ( SrcSpanInfo
                        { srcInfoSpan = SrcSpan "<unknown>.hs" 1 34 1 42
                        , srcInfoPoints = []
                        }
                    )
                    ( Ident
                        ( SrcSpanInfo
                            { srcInfoSpan = SrcSpan "<unknown>.hs" 1 34 1 42
                            , srcInfoPoints = []
                            }
                        ) "Colorway"
                    )
                )
            )
            ( Lit
                ( SrcSpanInfo
                    { srcInfoSpan = SrcSpan "<unknown>.hs" 1 43 1 45
                    , srcInfoPoints = []
                    }
                )
                ( Int
                    ( SrcSpanInfo
                        { srcInfoSpan = SrcSpan "<unknown>.hs" 1 43 1 45
                        , srcInfoPoints = []
                        }
                    ) 42 "42"
                )
            )
        ]
    )
---- Json encoded ----
{
    "className": "VStack",
    "parameters": [
        {
            "list": [
                {
                    "className": "HStack",
                    "parameters": [
                        {
                            "list": [
                                {
                                    "className": "Logo",
                                    "parameters": [],
                                    "tag": "TecCon"
                                }
                            ],
                            "tag": "TecList"
                        }
                    ],
                    "tag": "TecCon"
                },
                {
                    "className": "Colorway",
                    "parameters": [
                        {
                            "int": 42,
                            "tag": "TecInt"
                        }
                    ],
                    "tag": "TecCon"
                }
            ],
            "tag": "TecList"
        }
    ],
    "tag": "TecCon"
}
---- Original Code ----
tecData = Logo :- Logo
---- Raw AST ----
InfixApp
    ( SrcSpanInfo
        { srcInfoSpan = SrcSpan "<unknown>.hs" 1 11 1 23
        , srcInfoPoints = []
        }
    )
    ( Con
        ( SrcSpanInfo
            { srcInfoSpan = SrcSpan "<unknown>.hs" 1 11 1 15
            , srcInfoPoints = []
            }
        )
        ( UnQual
            ( SrcSpanInfo
                { srcInfoSpan = SrcSpan "<unknown>.hs" 1 11 1 15
                , srcInfoPoints = []
                }
            )
            ( Ident
                ( SrcSpanInfo
                    { srcInfoSpan = SrcSpan "<unknown>.hs" 1 11 1 15
                    , srcInfoPoints = []
                    }
                ) "Logo"
            )
        )
    )
    ( QConOp
        ( SrcSpanInfo
            { srcInfoSpan = SrcSpan "<unknown>.hs" 1 16 1 18
            , srcInfoPoints = []
            }
        )
        ( UnQual
            ( SrcSpanInfo
                { srcInfoSpan = SrcSpan "<unknown>.hs" 1 16 1 18
                , srcInfoPoints = []
                }
            )
            ( Symbol
                ( SrcSpanInfo
                    { srcInfoSpan = SrcSpan "<unknown>.hs" 1 16 1 18
                    , srcInfoPoints = []
                    }
                ) ":-"
            )
        )
    )
    ( Con
        ( SrcSpanInfo
            { srcInfoSpan = SrcSpan "<unknown>.hs" 1 19 1 23
            , srcInfoPoints = []
            }
        )
        ( UnQual
            ( SrcSpanInfo
                { srcInfoSpan = SrcSpan "<unknown>.hs" 1 19 1 23
                , srcInfoPoints = []
                }
            )
            ( Ident
                ( SrcSpanInfo
                    { srcInfoSpan = SrcSpan "<unknown>.hs" 1 19 1 23
                    , srcInfoPoints = []
                    }
                ) "Logo"
            )
        )
    )
---- Json encoded ----
{
    "left": {
        "className": "Logo",
        "parameters": [],
        "tag": "TecCon"
    },
    "op": ":-",
    "right": {
        "className": "Logo",
        "parameters": [],
        "tag": "TecCon"
    },
    "tag": "TecQuery"
}
---- Original Code ----
tecData = Logo :- Logo :- Pantone "green"
---- Raw AST ----
InfixApp
    ( SrcSpanInfo
        { srcInfoSpan = SrcSpan "<unknown>.hs" 1 11 1 42
        , srcInfoPoints = []
        }
    )
    ( InfixApp
        ( SrcSpanInfo
            { srcInfoSpan = SrcSpan "<unknown>.hs" 1 11 1 23
            , srcInfoPoints = []
            }
        )
        ( Con
            ( SrcSpanInfo
                { srcInfoSpan = SrcSpan "<unknown>.hs" 1 11 1 15
                , srcInfoPoints = []
                }
            )
            ( UnQual
                ( SrcSpanInfo
                    { srcInfoSpan = SrcSpan "<unknown>.hs" 1 11 1 15
                    , srcInfoPoints = []
                    }
                )
                ( Ident
                    ( SrcSpanInfo
                        { srcInfoSpan = SrcSpan "<unknown>.hs" 1 11 1 15
                        , srcInfoPoints = []
                        }
                    ) "Logo"
                )
            )
        )
        ( QConOp
            ( SrcSpanInfo
                { srcInfoSpan = SrcSpan "<unknown>.hs" 1 16 1 18
                , srcInfoPoints = []
                }
            )
            ( UnQual
                ( SrcSpanInfo
                    { srcInfoSpan = SrcSpan "<unknown>.hs" 1 16 1 18
                    , srcInfoPoints = []
                    }
                )
                ( Symbol
                    ( SrcSpanInfo
                        { srcInfoSpan = SrcSpan "<unknown>.hs" 1 16 1 18
                        , srcInfoPoints = []
                        }
                    ) ":-"
                )
            )
        )
        ( Con
            ( SrcSpanInfo
                { srcInfoSpan = SrcSpan "<unknown>.hs" 1 19 1 23
                , srcInfoPoints = []
                }
            )
            ( UnQual
                ( SrcSpanInfo
                    { srcInfoSpan = SrcSpan "<unknown>.hs" 1 19 1 23
                    , srcInfoPoints = []
                    }
                )
                ( Ident
                    ( SrcSpanInfo
                        { srcInfoSpan = SrcSpan "<unknown>.hs" 1 19 1 23
                        , srcInfoPoints = []
                        }
                    ) "Logo"
                )
            )
        )
    )
    ( QConOp
        ( SrcSpanInfo
            { srcInfoSpan = SrcSpan "<unknown>.hs" 1 24 1 26
            , srcInfoPoints = []
            }
        )
        ( UnQual
            ( SrcSpanInfo
                { srcInfoSpan = SrcSpan "<unknown>.hs" 1 24 1 26
                , srcInfoPoints = []
                }
            )
            ( Symbol
                ( SrcSpanInfo
                    { srcInfoSpan = SrcSpan "<unknown>.hs" 1 24 1 26
                    , srcInfoPoints = []
                    }
                ) ":-"
            )
        )
    )
    ( App
        ( SrcSpanInfo
            { srcInfoSpan = SrcSpan "<unknown>.hs" 1 27 1 42
            , srcInfoPoints = []
            }
        )
        ( Con
            ( SrcSpanInfo
                { srcInfoSpan = SrcSpan "<unknown>.hs" 1 27 1 34
                , srcInfoPoints = []
                }
            )
            ( UnQual
                ( SrcSpanInfo
                    { srcInfoSpan = SrcSpan "<unknown>.hs" 1 27 1 34
                    , srcInfoPoints = []
                    }
                )
                ( Ident
                    ( SrcSpanInfo
                        { srcInfoSpan = SrcSpan "<unknown>.hs" 1 27 1 34
                        , srcInfoPoints = []
                        }
                    ) "Pantone"
                )
            )
        )
        ( Lit
            ( SrcSpanInfo
                { srcInfoSpan = SrcSpan "<unknown>.hs" 1 35 1 42
                , srcInfoPoints = []
                }
            )
            ( String
                ( SrcSpanInfo
                    { srcInfoSpan = SrcSpan "<unknown>.hs" 1 35 1 42
                    , srcInfoPoints = []
                    }
                ) "green" "green"
            )
        )
    )
---- Json encoded ----
{
    "left": {
        "left": {
            "className": "Logo",
            "parameters": [],
            "tag": "TecCon"
        },
        "op": ":-",
        "right": {
            "className": "Logo",
            "parameters": [],
            "tag": "TecCon"
        },
        "tag": "TecQuery"
    },
    "op": ":-",
    "right": {
        "className": "Pantone",
        "parameters": [
            {
                "str": "green",
                "tag": "TecStr"
            }
        ],
        "tag": "TecCon"
    },
    "tag": "TecQuery"
}
---- Original Code ----
tecData = Colorways [1 ..]
---- Raw AST ----
App
    ( SrcSpanInfo
        { srcInfoSpan = SrcSpan "<unknown>.hs" 1 11 1 27
        , srcInfoPoints = []
        }
    )
    ( Con
        ( SrcSpanInfo
            { srcInfoSpan = SrcSpan "<unknown>.hs" 1 11 1 20
            , srcInfoPoints = []
            }
        )
        ( UnQual
            ( SrcSpanInfo
                { srcInfoSpan = SrcSpan "<unknown>.hs" 1 11 1 20
                , srcInfoPoints = []
                }
            )
            ( Ident
                ( SrcSpanInfo
                    { srcInfoSpan = SrcSpan "<unknown>.hs" 1 11 1 20
                    , srcInfoPoints = []
                    }
                ) "Colorways"
            )
        )
    )
    ( EnumFrom
        ( SrcSpanInfo
            { srcInfoSpan = SrcSpan "<unknown>.hs" 1 21 1 27
            , srcInfoPoints =
                [ SrcSpan "<unknown>.hs" 1 21 1 22
                , SrcSpan "<unknown>.hs" 1 24 1 26
                , SrcSpan "<unknown>.hs" 1 26 1 27
                ]
            }
        )
        ( Lit
            ( SrcSpanInfo
                { srcInfoSpan = SrcSpan "<unknown>.hs" 1 22 1 23
                , srcInfoPoints = []
                }
            )
            ( Int
                ( SrcSpanInfo
                    { srcInfoSpan = SrcSpan "<unknown>.hs" 1 22 1 23
                    , srcInfoPoints = []
                    }
                ) 1 "1"
            )
        )
    )
---- Json encoded ----
{
    "className": "Colorways",
    "parameters": [
        {
            "fromI": 1,
            "tag": "TecRngInt",
            "toI": null
        }
    ],
    "tag": "TecCon"
}
---- Original Code ----
tecData = Colorways [1 .. 3]
---- Raw AST ----
App
    ( SrcSpanInfo
        { srcInfoSpan = SrcSpan "<unknown>.hs" 1 11 1 29
        , srcInfoPoints = []
        }
    )
    ( Con
        ( SrcSpanInfo
            { srcInfoSpan = SrcSpan "<unknown>.hs" 1 11 1 20
            , srcInfoPoints = []
            }
        )
        ( UnQual
            ( SrcSpanInfo
                { srcInfoSpan = SrcSpan "<unknown>.hs" 1 11 1 20
                , srcInfoPoints = []
                }
            )
            ( Ident
                ( SrcSpanInfo
                    { srcInfoSpan = SrcSpan "<unknown>.hs" 1 11 1 20
                    , srcInfoPoints = []
                    }
                ) "Colorways"
            )
        )
    )
    ( EnumFromTo
        ( SrcSpanInfo
            { srcInfoSpan = SrcSpan "<unknown>.hs" 1 21 1 29
            , srcInfoPoints =
                [ SrcSpan "<unknown>.hs" 1 21 1 22
                , SrcSpan "<unknown>.hs" 1 24 1 26
                , SrcSpan "<unknown>.hs" 1 28 1 29
                ]
            }
        )
        ( Lit
            ( SrcSpanInfo
                { srcInfoSpan = SrcSpan "<unknown>.hs" 1 22 1 23
                , srcInfoPoints = []
                }
            )
            ( Int
                ( SrcSpanInfo
                    { srcInfoSpan = SrcSpan "<unknown>.hs" 1 22 1 23
                    , srcInfoPoints = []
                    }
                ) 1 "1"
            )
        )
        ( Lit
            ( SrcSpanInfo
                { srcInfoSpan = SrcSpan "<unknown>.hs" 1 27 1 28
                , srcInfoPoints = []
                }
            )
            ( Int
                ( SrcSpanInfo
                    { srcInfoSpan = SrcSpan "<unknown>.hs" 1 27 1 28
                    , srcInfoPoints = []
                    }
                ) 3 "3"
            )
        )
    )
---- Json encoded ----
{
    "className": "Colorways",
    "parameters": [
        {
            "fromI": 1,
            "tag": "TecRngInt",
            "toI": 3
        }
    ],
    "tag": "TecCon"
}
---- Original Code ----
tecData = Render 0 Front
---- Raw AST ----
App
    ( SrcSpanInfo
        { srcInfoSpan = SrcSpan "<unknown>.hs" 1 11 1 25
        , srcInfoPoints = []
        }
    )
    ( App
        ( SrcSpanInfo
            { srcInfoSpan = SrcSpan "<unknown>.hs" 1 11 1 19
            , srcInfoPoints = []
            }
        )
        ( Con
            ( SrcSpanInfo
                { srcInfoSpan = SrcSpan "<unknown>.hs" 1 11 1 17
                , srcInfoPoints = []
                }
            )
            ( UnQual
                ( SrcSpanInfo
                    { srcInfoSpan = SrcSpan "<unknown>.hs" 1 11 1 17
                    , srcInfoPoints = []
                    }
                )
                ( Ident
                    ( SrcSpanInfo
                        { srcInfoSpan = SrcSpan "<unknown>.hs" 1 11 1 17
                        , srcInfoPoints = []
                        }
                    ) "Render"
                )
            )
        )
        ( Lit
            ( SrcSpanInfo
                { srcInfoSpan = SrcSpan "<unknown>.hs" 1 18 1 19
                , srcInfoPoints = []
                }
            )
            ( Int
                ( SrcSpanInfo
                    { srcInfoSpan = SrcSpan "<unknown>.hs" 1 18 1 19
                    , srcInfoPoints = []
                    }
                ) 0 "0"
            )
        )
    )
    ( Con
        ( SrcSpanInfo
            { srcInfoSpan = SrcSpan "<unknown>.hs" 1 20 1 25
            , srcInfoPoints = []
            }
        )
        ( UnQual
            ( SrcSpanInfo
                { srcInfoSpan = SrcSpan "<unknown>.hs" 1 20 1 25
                , srcInfoPoints = []
                }
            )
            ( Ident
                ( SrcSpanInfo
                    { srcInfoSpan = SrcSpan "<unknown>.hs" 1 20 1 25
                    , srcInfoPoints = []
                    }
                ) "Front"
            )
        )
    )
---- Json encoded ----
{
    "className": "Render",
    "parameters": [
        {
            "int": 0,
            "tag": "TecInt"
        },
        {
            "className": "Front",
            "parameters": [],
            "tag": "TecCon"
        }
    ],
    "tag": "TecCon"
}
---- Original Code ----
tecData = Colorways [0 ..] :> Fabric "*"
---- Raw AST ----
InfixApp
    ( SrcSpanInfo
        { srcInfoSpan = SrcSpan "<unknown>.hs" 1 11 1 41
        , srcInfoPoints = []
        }
    )
    ( App
        ( SrcSpanInfo
            { srcInfoSpan = SrcSpan "<unknown>.hs" 1 11 1 27
            , srcInfoPoints = []
            }
        )
        ( Con
            ( SrcSpanInfo
                { srcInfoSpan = SrcSpan "<unknown>.hs" 1 11 1 20
                , srcInfoPoints = []
                }
            )
            ( UnQual
                ( SrcSpanInfo
                    { srcInfoSpan = SrcSpan "<unknown>.hs" 1 11 1 20
                    , srcInfoPoints = []
                    }
                )
                ( Ident
                    ( SrcSpanInfo
                        { srcInfoSpan = SrcSpan "<unknown>.hs" 1 11 1 20
                        , srcInfoPoints = []
                        }
                    ) "Colorways"
                )
            )
        )
        ( EnumFrom
            ( SrcSpanInfo
                { srcInfoSpan = SrcSpan "<unknown>.hs" 1 21 1 27
                , srcInfoPoints =
                    [ SrcSpan "<unknown>.hs" 1 21 1 22
                    , SrcSpan "<unknown>.hs" 1 24 1 26
                    , SrcSpan "<unknown>.hs" 1 26 1 27
                    ]
                }
            )
            ( Lit
                ( SrcSpanInfo
                    { srcInfoSpan = SrcSpan "<unknown>.hs" 1 22 1 23
                    , srcInfoPoints = []
                    }
                )
                ( Int
                    ( SrcSpanInfo
                        { srcInfoSpan = SrcSpan "<unknown>.hs" 1 22 1 23
                        , srcInfoPoints = []
                        }
                    ) 0 "0"
                )
            )
        )
    )
    ( QConOp
        ( SrcSpanInfo
            { srcInfoSpan = SrcSpan "<unknown>.hs" 1 28 1 30
            , srcInfoPoints = []
            }
        )
        ( UnQual
            ( SrcSpanInfo
                { srcInfoSpan = SrcSpan "<unknown>.hs" 1 28 1 30
                , srcInfoPoints = []
                }
            )
            ( Symbol
                ( SrcSpanInfo
                    { srcInfoSpan = SrcSpan "<unknown>.hs" 1 28 1 30
                    , srcInfoPoints = []
                    }
                ) ":>"
            )
        )
    )
    ( App
        ( SrcSpanInfo
            { srcInfoSpan = SrcSpan "<unknown>.hs" 1 31 1 41
            , srcInfoPoints = []
            }
        )
        ( Con
            ( SrcSpanInfo
                { srcInfoSpan = SrcSpan "<unknown>.hs" 1 31 1 37
                , srcInfoPoints = []
                }
            )
            ( UnQual
                ( SrcSpanInfo
                    { srcInfoSpan = SrcSpan "<unknown>.hs" 1 31 1 37
                    , srcInfoPoints = []
                    }
                )
                ( Ident
                    ( SrcSpanInfo
                        { srcInfoSpan = SrcSpan "<unknown>.hs" 1 31 1 37
                        , srcInfoPoints = []
                        }
                    ) "Fabric"
                )
            )
        )
        ( Lit
            ( SrcSpanInfo
                { srcInfoSpan = SrcSpan "<unknown>.hs" 1 38 1 41
                , srcInfoPoints = []
                }
            )
            ( String
                ( SrcSpanInfo
                    { srcInfoSpan = SrcSpan "<unknown>.hs" 1 38 1 41
                    , srcInfoPoints = []
                    }
                ) "*" "*"
            )
        )
    )
---- Json encoded ----
{
    "left": {
        "className": "Colorways",
        "parameters": [
            {
                "fromI": 0,
                "tag": "TecRngInt",
                "toI": null
            }
        ],
        "tag": "TecCon"
    },
    "op": ":>",
    "right": {
        "className": "Fabric",
        "parameters": [
            {
                "str": "*",
                "tag": "TecStr"
            }
        ],
        "tag": "TecCon"
    },
    "tag": "TecQuery"
}
---- Original Code ----
tecData = Colorways [0]
---- Raw AST ----
App
    ( SrcSpanInfo
        { srcInfoSpan = SrcSpan "<unknown>.hs" 1 11 1 24
        , srcInfoPoints = []
        }
    )
    ( Con
        ( SrcSpanInfo
            { srcInfoSpan = SrcSpan "<unknown>.hs" 1 11 1 20
            , srcInfoPoints = []
            }
        )
        ( UnQual
            ( SrcSpanInfo
                { srcInfoSpan = SrcSpan "<unknown>.hs" 1 11 1 20
                , srcInfoPoints = []
                }
            )
            ( Ident
                ( SrcSpanInfo
                    { srcInfoSpan = SrcSpan "<unknown>.hs" 1 11 1 20
                    , srcInfoPoints = []
                    }
                ) "Colorways"
            )
        )
    )
    ( List
        ( SrcSpanInfo
            { srcInfoSpan = SrcSpan "<unknown>.hs" 1 21 1 24
            , srcInfoPoints =
                [ SrcSpan "<unknown>.hs" 1 21 1 22
                , SrcSpan "<unknown>.hs" 1 23 1 24
                ]
            }
        )
        [ Lit
            ( SrcSpanInfo
                { srcInfoSpan = SrcSpan "<unknown>.hs" 1 22 1 23
                , srcInfoPoints = []
                }
            )
            ( Int
                ( SrcSpanInfo
                    { srcInfoSpan = SrcSpan "<unknown>.hs" 1 22 1 23
                    , srcInfoPoints = []
                    }
                ) 0 "0"
            )
        ]
    )
---- Json encoded ----
{
    "className": "Colorways",
    "parameters": [
        {
            "list": [
                {
                    "int": 0,
                    "tag": "TecInt"
                }
            ],
            "tag": "TecList"
        }
    ],
    "tag": "TecCon"
}
---- Original Code ----
tecData = HStack Logo (Render 0 Front)
---- Raw AST ----
App
    ( SrcSpanInfo
        { srcInfoSpan = SrcSpan "<unknown>.hs" 1 11 1 39
        , srcInfoPoints = []
        }
    )
    ( App
        ( SrcSpanInfo
            { srcInfoSpan = SrcSpan "<unknown>.hs" 1 11 1 22
            , srcInfoPoints = []
            }
        )
        ( Con
            ( SrcSpanInfo
                { srcInfoSpan = SrcSpan "<unknown>.hs" 1 11 1 17
                , srcInfoPoints = []
                }
            )
            ( UnQual
                ( SrcSpanInfo
                    { srcInfoSpan = SrcSpan "<unknown>.hs" 1 11 1 17
                    , srcInfoPoints = []
                    }
                )
                ( Ident
                    ( SrcSpanInfo
                        { srcInfoSpan = SrcSpan "<unknown>.hs" 1 11 1 17
                        , srcInfoPoints = []
                        }
                    ) "HStack"
                )
            )
        )
        ( Con
            ( SrcSpanInfo
                { srcInfoSpan = SrcSpan "<unknown>.hs" 1 18 1 22
                , srcInfoPoints = []
                }
            )
            ( UnQual
                ( SrcSpanInfo
                    { srcInfoSpan = SrcSpan "<unknown>.hs" 1 18 1 22
                    , srcInfoPoints = []
                    }
                )
                ( Ident
                    ( SrcSpanInfo
                        { srcInfoSpan = SrcSpan "<unknown>.hs" 1 18 1 22
                        , srcInfoPoints = []
                        }
                    ) "Logo"
                )
            )
        )
    )
    ( Paren
        ( SrcSpanInfo
            { srcInfoSpan = SrcSpan "<unknown>.hs" 1 23 1 39
            , srcInfoPoints =
                [ SrcSpan "<unknown>.hs" 1 23 1 24
                , SrcSpan "<unknown>.hs" 1 38 1 39
                ]
            }
        )
        ( App
            ( SrcSpanInfo
                { srcInfoSpan = SrcSpan "<unknown>.hs" 1 24 1 38
                , srcInfoPoints = []
                }
            )
            ( App
                ( SrcSpanInfo
                    { srcInfoSpan = SrcSpan "<unknown>.hs" 1 24 1 32
                    , srcInfoPoints = []
                    }
                )
                ( Con
                    ( SrcSpanInfo
                        { srcInfoSpan = SrcSpan "<unknown>.hs" 1 24 1 30
                        , srcInfoPoints = []
                        }
                    )
                    ( UnQual
                        ( SrcSpanInfo
                            { srcInfoSpan = SrcSpan "<unknown>.hs" 1 24 1 30
                            , srcInfoPoints = []
                            }
                        )
                        ( Ident
                            ( SrcSpanInfo
                                { srcInfoSpan = SrcSpan "<unknown>.hs" 1 24 1 30
                                , srcInfoPoints = []
                                }
                            ) "Render"
                        )
                    )
                )
                ( Lit
                    ( SrcSpanInfo
                        { srcInfoSpan = SrcSpan "<unknown>.hs" 1 31 1 32
                        , srcInfoPoints = []
                        }
                    )
                    ( Int
                        ( SrcSpanInfo
                            { srcInfoSpan = SrcSpan "<unknown>.hs" 1 31 1 32
                            , srcInfoPoints = []
                            }
                        ) 0 "0"
                    )
                )
            )
            ( Con
                ( SrcSpanInfo
                    { srcInfoSpan = SrcSpan "<unknown>.hs" 1 33 1 38
                    , srcInfoPoints = []
                    }
                )
                ( UnQual
                    ( SrcSpanInfo
                        { srcInfoSpan = SrcSpan "<unknown>.hs" 1 33 1 38
                        , srcInfoPoints = []
                        }
                    )
                    ( Ident
                        ( SrcSpanInfo
                            { srcInfoSpan = SrcSpan "<unknown>.hs" 1 33 1 38
                            , srcInfoPoints = []
                            }
                        ) "Front"
                    )
                )
            )
        )
    )
---- Json encoded ----
{
    "className": "HStack",
    "parameters": [
        {
            "className": "Logo",
            "parameters": [],
            "tag": "TecCon"
        },
        {
            "className": "Render",
            "parameters": [
                {
                    "int": 0,
                    "tag": "TecInt"
                },
                {
                    "className": "Front",
                    "parameters": [],
                    "tag": "TecCon"
                }
            ],
            "tag": "TecCon"
        }
    ],
    "tag": "TecCon"
}
---- Original Code ----
tecData = Render [Front .. Right]
---- Raw AST ----
App
    ( SrcSpanInfo
        { srcInfoSpan = SrcSpan "<unknown>.hs" 1 11 1 34
        , srcInfoPoints = []
        }
    )
    ( Con
        ( SrcSpanInfo
            { srcInfoSpan = SrcSpan "<unknown>.hs" 1 11 1 17
            , srcInfoPoints = []
            }
        )
        ( UnQual
            ( SrcSpanInfo
                { srcInfoSpan = SrcSpan "<unknown>.hs" 1 11 1 17
                , srcInfoPoints = []
                }
            )
            ( Ident
                ( SrcSpanInfo
                    { srcInfoSpan = SrcSpan "<unknown>.hs" 1 11 1 17
                    , srcInfoPoints = []
                    }
                ) "Render"
            )
        )
    )
    ( EnumFromTo
        ( SrcSpanInfo
            { srcInfoSpan = SrcSpan "<unknown>.hs" 1 18 1 34
            , srcInfoPoints =
                [ SrcSpan "<unknown>.hs" 1 18 1 19
                , SrcSpan "<unknown>.hs" 1 25 1 27
                , SrcSpan "<unknown>.hs" 1 33 1 34
                ]
            }
        )
        ( Con
            ( SrcSpanInfo
                { srcInfoSpan = SrcSpan "<unknown>.hs" 1 19 1 24
                , srcInfoPoints = []
                }
            )
            ( UnQual
                ( SrcSpanInfo
                    { srcInfoSpan = SrcSpan "<unknown>.hs" 1 19 1 24
                    , srcInfoPoints = []
                    }
                )
                ( Ident
                    ( SrcSpanInfo
                        { srcInfoSpan = SrcSpan "<unknown>.hs" 1 19 1 24
                        , srcInfoPoints = []
                        }
                    ) "Front"
                )
            )
        )
        ( Con
            ( SrcSpanInfo
                { srcInfoSpan = SrcSpan "<unknown>.hs" 1 28 1 33
                , srcInfoPoints = []
                }
            )
            ( UnQual
                ( SrcSpanInfo
                    { srcInfoSpan = SrcSpan "<unknown>.hs" 1 28 1 33
                    , srcInfoPoints = []
                    }
                )
                ( Ident
                    ( SrcSpanInfo
                        { srcInfoSpan = SrcSpan "<unknown>.hs" 1 28 1 33
                        , srcInfoPoints = []
                        }
                    ) "Right"
                )
            )
        )
    )
---- Json encoded ----
{
    "className": "Render",
    "parameters": [
        {
            "fromE": "Front",
            "tag": "TecRngEnum",
            "toE": "Right"
        }
    ],
    "tag": "TecCon"
}
---- Original Code ----
tecData = let a = 0 in a
---- Raw AST ----
Let
    ( SrcSpanInfo
        { srcInfoSpan = SrcSpan "<unknown>.hs" 1 11 1 25
        , srcInfoPoints =
            [ SrcSpan "<unknown>.hs" 1 11 1 14
            , SrcSpan "<unknown>.hs" 1 21 1 23
            ]
        }
    )
    ( BDecls
        ( SrcSpanInfo
            { srcInfoSpan = SrcSpan "<unknown>.hs" 1 15 1 20
            , srcInfoPoints =
                [ SrcSpan "<unknown>.hs" 1 15 1 15
                , SrcSpan "<unknown>.hs" 1 21 1 21
                ]
            }
        )
        [ PatBind
            ( SrcSpanInfo
                { srcInfoSpan = SrcSpan "<unknown>.hs" 1 15 1 20
                , srcInfoPoints = []
                }
            )
            ( PVar
                ( SrcSpanInfo
                    { srcInfoSpan = SrcSpan "<unknown>.hs" 1 15 1 16
                    , srcInfoPoints = []
                    }
                )
                ( Ident
                    ( SrcSpanInfo
                        { srcInfoSpan = SrcSpan "<unknown>.hs" 1 15 1 16
                        , srcInfoPoints = []
                        }
                    ) "a"
                )
            )
            ( UnGuardedRhs
                ( SrcSpanInfo
                    { srcInfoSpan = SrcSpan "<unknown>.hs" 1 17 1 20
                    , srcInfoPoints =
                        [ SrcSpan "<unknown>.hs" 1 17 1 18 ]
                    }
                )
                ( Lit
                    ( SrcSpanInfo
                        { srcInfoSpan = SrcSpan "<unknown>.hs" 1 19 1 20
                        , srcInfoPoints = []
                        }
                    )
                    ( Int
                        ( SrcSpanInfo
                            { srcInfoSpan = SrcSpan "<unknown>.hs" 1 19 1 20
                            , srcInfoPoints = []
                            }
                        ) 0 "0"
                    )
                )
            ) Nothing
        ]
    )
    ( Var
        ( SrcSpanInfo
            { srcInfoSpan = SrcSpan "<unknown>.hs" 1 24 1 25
            , srcInfoPoints = []
            }
        )
        ( UnQual
            ( SrcSpanInfo
                { srcInfoSpan = SrcSpan "<unknown>.hs" 1 24 1 25
                , srcInfoPoints = []
                }
            )
            ( Ident
                ( SrcSpanInfo
                    { srcInfoSpan = SrcSpan "<unknown>.hs" 1 24 1 25
                    , srcInfoPoints = []
                    }
                ) "a"
            )
        )
    )
---- Json encoded ----
{
    "expression": {
        "tag": "TecVar",
        "varName": "a"
    },
    "tag": "TecBinding",
    "varMap": {
        "a": {
            "int": 0,
            "tag": "TecInt"
        }
    }
}
---- Original Code ----
tecData = let in 0
---- Raw AST ----
Let
    ( SrcSpanInfo
        { srcInfoSpan = SrcSpan "<unknown>.hs" 1 11 1 19
        , srcInfoPoints =
            [ SrcSpan "<unknown>.hs" 1 11 1 14
            , SrcSpan "<unknown>.hs" 1 15 1 17
            ]
        }
    )
    ( BDecls
        ( SrcSpanInfo
            { srcInfoSpan = SrcSpan "<unknown>.hs" 1 15 1 15
            , srcInfoPoints =
                [ SrcSpan "<unknown>.hs" 1 15 1 15
                , SrcSpan "<unknown>.hs" 1 15 1 15
                ]
            }
        ) []
    )
    ( Lit
        ( SrcSpanInfo
            { srcInfoSpan = SrcSpan "<unknown>.hs" 1 18 1 19
            , srcInfoPoints = []
            }
        )
        ( Int
            ( SrcSpanInfo
                { srcInfoSpan = SrcSpan "<unknown>.hs" 1 18 1 19
                , srcInfoPoints = []
                }
            ) 0 "0"
        )
    )
---- Json encoded ----
{
    "expression": {
        "int": 0,
        "tag": "TecInt"
    },
    "tag": "TecBinding",
    "varMap": {}
}
