---- Original Code ----
Logo
---- Raw AST ----
Con
    ( SrcSpanInfo
        { srcInfoSpan = SrcSpan "<unknown>.hs" 1 1 1 5
        , srcInfoPoints = []
        }
    )
    ( UnQual
        ( SrcSpanInfo
            { srcInfoSpan = SrcSpan "<unknown>.hs" 1 1 1 5
            , srcInfoPoints = []
            }
        )
        ( Ident
            ( SrcSpanInfo
                { srcInfoSpan = SrcSpan "<unknown>.hs" 1 1 1 5
                , srcInfoPoints = []
                }
            ) "Logo"
        )
    )
---- Original Code ----
HStack [Logo]
---- Raw AST ----
App
    ( SrcSpanInfo
        { srcInfoSpan = SrcSpan "<unknown>.hs" 1 1 1 14
        , srcInfoPoints = []
        }
    )
    ( Con
        ( SrcSpanInfo
            { srcInfoSpan = SrcSpan "<unknown>.hs" 1 1 1 7
            , srcInfoPoints = []
            }
        )
        ( UnQual
            ( SrcSpanInfo
                { srcInfoSpan = SrcSpan "<unknown>.hs" 1 1 1 7
                , srcInfoPoints = []
                }
            )
            ( Ident
                ( SrcSpanInfo
                    { srcInfoSpan = SrcSpan "<unknown>.hs" 1 1 1 7
                    , srcInfoPoints = []
                    }
                ) "HStack"
            )
        )
    )
    ( List
        ( SrcSpanInfo
            { srcInfoSpan = SrcSpan "<unknown>.hs" 1 8 1 14
            , srcInfoPoints =
                [ SrcSpan "<unknown>.hs" 1 8 1 9
                , SrcSpan "<unknown>.hs" 1 13 1 14
                ]
            }
        )
        [ Con
            ( SrcSpanInfo
                { srcInfoSpan = SrcSpan "<unknown>.hs" 1 9 1 13
                , srcInfoPoints = []
                }
            )
            ( UnQual
                ( SrcSpanInfo
                    { srcInfoSpan = SrcSpan "<unknown>.hs" 1 9 1 13
                    , srcInfoPoints = []
                    }
                )
                ( Ident
                    ( SrcSpanInfo
                        { srcInfoSpan = SrcSpan "<unknown>.hs" 1 9 1 13
                        , srcInfoPoints = []
                        }
                    ) "Logo"
                )
            )
        ]
    )
---- Original Code ----
Colorway 0
---- Raw AST ----
App
    ( SrcSpanInfo
        { srcInfoSpan = SrcSpan "<unknown>.hs" 1 1 1 11
        , srcInfoPoints = []
        }
    )
    ( Con
        ( SrcSpanInfo
            { srcInfoSpan = SrcSpan "<unknown>.hs" 1 1 1 9
            , srcInfoPoints = []
            }
        )
        ( UnQual
            ( SrcSpanInfo
                { srcInfoSpan = SrcSpan "<unknown>.hs" 1 1 1 9
                , srcInfoPoints = []
                }
            )
            ( Ident
                ( SrcSpanInfo
                    { srcInfoSpan = SrcSpan "<unknown>.hs" 1 1 1 9
                    , srcInfoPoints = []
                    }
                ) "Colorway"
            )
        )
    )
    ( Lit
        ( SrcSpanInfo
            { srcInfoSpan = SrcSpan "<unknown>.hs" 1 10 1 11
            , srcInfoPoints = []
            }
        )
        ( Int
            ( SrcSpanInfo
                { srcInfoSpan = SrcSpan "<unknown>.hs" 1 10 1 11
                , srcInfoPoints = []
                }
            ) 0 "0"
        )
    )
---- Original Code ----
Pantone "red"
---- Raw AST ----
App
    ( SrcSpanInfo
        { srcInfoSpan = SrcSpan "<unknown>.hs" 1 1 1 14
        , srcInfoPoints = []
        }
    )
    ( Con
        ( SrcSpanInfo
            { srcInfoSpan = SrcSpan "<unknown>.hs" 1 1 1 8
            , srcInfoPoints = []
            }
        )
        ( UnQual
            ( SrcSpanInfo
                { srcInfoSpan = SrcSpan "<unknown>.hs" 1 1 1 8
                , srcInfoPoints = []
                }
            )
            ( Ident
                ( SrcSpanInfo
                    { srcInfoSpan = SrcSpan "<unknown>.hs" 1 1 1 8
                    , srcInfoPoints = []
                    }
                ) "Pantone"
            )
        )
    )
    ( Lit
        ( SrcSpanInfo
            { srcInfoSpan = SrcSpan "<unknown>.hs" 1 9 1 14
            , srcInfoPoints = []
            }
        )
        ( String
            ( SrcSpanInfo
                { srcInfoSpan = SrcSpan "<unknown>.hs" 1 9 1 14
                , srcInfoPoints = []
                }
            ) "red" "red"
        )
    )
---- Original Code ----
VStack [HStack [Logo], Colorway 42]
---- Raw AST ----
App
    ( SrcSpanInfo
        { srcInfoSpan = SrcSpan "<unknown>.hs" 1 1 1 36
        , srcInfoPoints = []
        }
    )
    ( Con
        ( SrcSpanInfo
            { srcInfoSpan = SrcSpan "<unknown>.hs" 1 1 1 7
            , srcInfoPoints = []
            }
        )
        ( UnQual
            ( SrcSpanInfo
                { srcInfoSpan = SrcSpan "<unknown>.hs" 1 1 1 7
                , srcInfoPoints = []
                }
            )
            ( Ident
                ( SrcSpanInfo
                    { srcInfoSpan = SrcSpan "<unknown>.hs" 1 1 1 7
                    , srcInfoPoints = []
                    }
                ) "VStack"
            )
        )
    )
    ( List
        ( SrcSpanInfo
            { srcInfoSpan = SrcSpan "<unknown>.hs" 1 8 1 36
            , srcInfoPoints =
                [ SrcSpan "<unknown>.hs" 1 8 1 9
                , SrcSpan "<unknown>.hs" 1 22 1 23
                , SrcSpan "<unknown>.hs" 1 35 1 36
                ]
            }
        )
        [ App
            ( SrcSpanInfo
                { srcInfoSpan = SrcSpan "<unknown>.hs" 1 9 1 22
                , srcInfoPoints = []
                }
            )
            ( Con
                ( SrcSpanInfo
                    { srcInfoSpan = SrcSpan "<unknown>.hs" 1 9 1 15
                    , srcInfoPoints = []
                    }
                )
                ( UnQual
                    ( SrcSpanInfo
                        { srcInfoSpan = SrcSpan "<unknown>.hs" 1 9 1 15
                        , srcInfoPoints = []
                        }
                    )
                    ( Ident
                        ( SrcSpanInfo
                            { srcInfoSpan = SrcSpan "<unknown>.hs" 1 9 1 15
                            , srcInfoPoints = []
                            }
                        ) "HStack"
                    )
                )
            )
            ( List
                ( SrcSpanInfo
                    { srcInfoSpan = SrcSpan "<unknown>.hs" 1 16 1 22
                    , srcInfoPoints =
                        [ SrcSpan "<unknown>.hs" 1 16 1 17
                        , SrcSpan "<unknown>.hs" 1 21 1 22
                        ]
                    }
                )
                [ Con
                    ( SrcSpanInfo
                        { srcInfoSpan = SrcSpan "<unknown>.hs" 1 17 1 21
                        , srcInfoPoints = []
                        }
                    )
                    ( UnQual
                        ( SrcSpanInfo
                            { srcInfoSpan = SrcSpan "<unknown>.hs" 1 17 1 21
                            , srcInfoPoints = []
                            }
                        )
                        ( Ident
                            ( SrcSpanInfo
                                { srcInfoSpan = SrcSpan "<unknown>.hs" 1 17 1 21
                                , srcInfoPoints = []
                                }
                            ) "Logo"
                        )
                    )
                ]
            )
        , App
            ( SrcSpanInfo
                { srcInfoSpan = SrcSpan "<unknown>.hs" 1 24 1 35
                , srcInfoPoints = []
                }
            )
            ( Con
                ( SrcSpanInfo
                    { srcInfoSpan = SrcSpan "<unknown>.hs" 1 24 1 32
                    , srcInfoPoints = []
                    }
                )
                ( UnQual
                    ( SrcSpanInfo
                        { srcInfoSpan = SrcSpan "<unknown>.hs" 1 24 1 32
                        , srcInfoPoints = []
                        }
                    )
                    ( Ident
                        ( SrcSpanInfo
                            { srcInfoSpan = SrcSpan "<unknown>.hs" 1 24 1 32
                            , srcInfoPoints = []
                            }
                        ) "Colorway"
                    )
                )
            )
            ( Lit
                ( SrcSpanInfo
                    { srcInfoSpan = SrcSpan "<unknown>.hs" 1 33 1 35
                    , srcInfoPoints = []
                    }
                )
                ( Int
                    ( SrcSpanInfo
                        { srcInfoSpan = SrcSpan "<unknown>.hs" 1 33 1 35
                        , srcInfoPoints = []
                        }
                    ) 42 "42"
                )
            )
        ]
    )
---- Original Code ----
Logo :- Logo
---- Raw AST ----
InfixApp
    ( SrcSpanInfo
        { srcInfoSpan = SrcSpan "<unknown>.hs" 1 1 1 13
        , srcInfoPoints = []
        }
    )
    ( Con
        ( SrcSpanInfo
            { srcInfoSpan = SrcSpan "<unknown>.hs" 1 1 1 5
            , srcInfoPoints = []
            }
        )
        ( UnQual
            ( SrcSpanInfo
                { srcInfoSpan = SrcSpan "<unknown>.hs" 1 1 1 5
                , srcInfoPoints = []
                }
            )
            ( Ident
                ( SrcSpanInfo
                    { srcInfoSpan = SrcSpan "<unknown>.hs" 1 1 1 5
                    , srcInfoPoints = []
                    }
                ) "Logo"
            )
        )
    )
    ( QConOp
        ( SrcSpanInfo
            { srcInfoSpan = SrcSpan "<unknown>.hs" 1 6 1 8
            , srcInfoPoints = []
            }
        )
        ( UnQual
            ( SrcSpanInfo
                { srcInfoSpan = SrcSpan "<unknown>.hs" 1 6 1 8
                , srcInfoPoints = []
                }
            )
            ( Symbol
                ( SrcSpanInfo
                    { srcInfoSpan = SrcSpan "<unknown>.hs" 1 6 1 8
                    , srcInfoPoints = []
                    }
                ) ":-"
            )
        )
    )
    ( Con
        ( SrcSpanInfo
            { srcInfoSpan = SrcSpan "<unknown>.hs" 1 9 1 13
            , srcInfoPoints = []
            }
        )
        ( UnQual
            ( SrcSpanInfo
                { srcInfoSpan = SrcSpan "<unknown>.hs" 1 9 1 13
                , srcInfoPoints = []
                }
            )
            ( Ident
                ( SrcSpanInfo
                    { srcInfoSpan = SrcSpan "<unknown>.hs" 1 9 1 13
                    , srcInfoPoints = []
                    }
                ) "Logo"
            )
        )
    )
---- Original Code ----
Logo :- Logo :- Pantone "green"
---- Raw AST ----
InfixApp
    ( SrcSpanInfo
        { srcInfoSpan = SrcSpan "<unknown>.hs" 1 1 1 32
        , srcInfoPoints = []
        }
    )
    ( InfixApp
        ( SrcSpanInfo
            { srcInfoSpan = SrcSpan "<unknown>.hs" 1 1 1 13
            , srcInfoPoints = []
            }
        )
        ( Con
            ( SrcSpanInfo
                { srcInfoSpan = SrcSpan "<unknown>.hs" 1 1 1 5
                , srcInfoPoints = []
                }
            )
            ( UnQual
                ( SrcSpanInfo
                    { srcInfoSpan = SrcSpan "<unknown>.hs" 1 1 1 5
                    , srcInfoPoints = []
                    }
                )
                ( Ident
                    ( SrcSpanInfo
                        { srcInfoSpan = SrcSpan "<unknown>.hs" 1 1 1 5
                        , srcInfoPoints = []
                        }
                    ) "Logo"
                )
            )
        )
        ( QConOp
            ( SrcSpanInfo
                { srcInfoSpan = SrcSpan "<unknown>.hs" 1 6 1 8
                , srcInfoPoints = []
                }
            )
            ( UnQual
                ( SrcSpanInfo
                    { srcInfoSpan = SrcSpan "<unknown>.hs" 1 6 1 8
                    , srcInfoPoints = []
                    }
                )
                ( Symbol
                    ( SrcSpanInfo
                        { srcInfoSpan = SrcSpan "<unknown>.hs" 1 6 1 8
                        , srcInfoPoints = []
                        }
                    ) ":-"
                )
            )
        )
        ( Con
            ( SrcSpanInfo
                { srcInfoSpan = SrcSpan "<unknown>.hs" 1 9 1 13
                , srcInfoPoints = []
                }
            )
            ( UnQual
                ( SrcSpanInfo
                    { srcInfoSpan = SrcSpan "<unknown>.hs" 1 9 1 13
                    , srcInfoPoints = []
                    }
                )
                ( Ident
                    ( SrcSpanInfo
                        { srcInfoSpan = SrcSpan "<unknown>.hs" 1 9 1 13
                        , srcInfoPoints = []
                        }
                    ) "Logo"
                )
            )
        )
    )
    ( QConOp
        ( SrcSpanInfo
            { srcInfoSpan = SrcSpan "<unknown>.hs" 1 14 1 16
            , srcInfoPoints = []
            }
        )
        ( UnQual
            ( SrcSpanInfo
                { srcInfoSpan = SrcSpan "<unknown>.hs" 1 14 1 16
                , srcInfoPoints = []
                }
            )
            ( Symbol
                ( SrcSpanInfo
                    { srcInfoSpan = SrcSpan "<unknown>.hs" 1 14 1 16
                    , srcInfoPoints = []
                    }
                ) ":-"
            )
        )
    )
    ( App
        ( SrcSpanInfo
            { srcInfoSpan = SrcSpan "<unknown>.hs" 1 17 1 32
            , srcInfoPoints = []
            }
        )
        ( Con
            ( SrcSpanInfo
                { srcInfoSpan = SrcSpan "<unknown>.hs" 1 17 1 24
                , srcInfoPoints = []
                }
            )
            ( UnQual
                ( SrcSpanInfo
                    { srcInfoSpan = SrcSpan "<unknown>.hs" 1 17 1 24
                    , srcInfoPoints = []
                    }
                )
                ( Ident
                    ( SrcSpanInfo
                        { srcInfoSpan = SrcSpan "<unknown>.hs" 1 17 1 24
                        , srcInfoPoints = []
                        }
                    ) "Pantone"
                )
            )
        )
        ( Lit
            ( SrcSpanInfo
                { srcInfoSpan = SrcSpan "<unknown>.hs" 1 25 1 32
                , srcInfoPoints = []
                }
            )
            ( String
                ( SrcSpanInfo
                    { srcInfoSpan = SrcSpan "<unknown>.hs" 1 25 1 32
                    , srcInfoPoints = []
                    }
                ) "green" "green"
            )
        )
    )
---- Original Code ----
Colorways [1 ..]
---- Raw AST ----
App
    ( SrcSpanInfo
        { srcInfoSpan = SrcSpan "<unknown>.hs" 1 1 1 17
        , srcInfoPoints = []
        }
    )
    ( Con
        ( SrcSpanInfo
            { srcInfoSpan = SrcSpan "<unknown>.hs" 1 1 1 10
            , srcInfoPoints = []
            }
        )
        ( UnQual
            ( SrcSpanInfo
                { srcInfoSpan = SrcSpan "<unknown>.hs" 1 1 1 10
                , srcInfoPoints = []
                }
            )
            ( Ident
                ( SrcSpanInfo
                    { srcInfoSpan = SrcSpan "<unknown>.hs" 1 1 1 10
                    , srcInfoPoints = []
                    }
                ) "Colorways"
            )
        )
    )
    ( EnumFrom
        ( SrcSpanInfo
            { srcInfoSpan = SrcSpan "<unknown>.hs" 1 11 1 17
            , srcInfoPoints =
                [ SrcSpan "<unknown>.hs" 1 11 1 12
                , SrcSpan "<unknown>.hs" 1 14 1 16
                , SrcSpan "<unknown>.hs" 1 16 1 17
                ]
            }
        )
        ( Lit
            ( SrcSpanInfo
                { srcInfoSpan = SrcSpan "<unknown>.hs" 1 12 1 13
                , srcInfoPoints = []
                }
            )
            ( Int
                ( SrcSpanInfo
                    { srcInfoSpan = SrcSpan "<unknown>.hs" 1 12 1 13
                    , srcInfoPoints = []
                    }
                ) 1 "1"
            )
        )
    )
---- Original Code ----
Colorways [1 .. 3]
---- Raw AST ----
App
    ( SrcSpanInfo
        { srcInfoSpan = SrcSpan "<unknown>.hs" 1 1 1 19
        , srcInfoPoints = []
        }
    )
    ( Con
        ( SrcSpanInfo
            { srcInfoSpan = SrcSpan "<unknown>.hs" 1 1 1 10
            , srcInfoPoints = []
            }
        )
        ( UnQual
            ( SrcSpanInfo
                { srcInfoSpan = SrcSpan "<unknown>.hs" 1 1 1 10
                , srcInfoPoints = []
                }
            )
            ( Ident
                ( SrcSpanInfo
                    { srcInfoSpan = SrcSpan "<unknown>.hs" 1 1 1 10
                    , srcInfoPoints = []
                    }
                ) "Colorways"
            )
        )
    )
    ( EnumFromTo
        ( SrcSpanInfo
            { srcInfoSpan = SrcSpan "<unknown>.hs" 1 11 1 19
            , srcInfoPoints =
                [ SrcSpan "<unknown>.hs" 1 11 1 12
                , SrcSpan "<unknown>.hs" 1 14 1 16
                , SrcSpan "<unknown>.hs" 1 18 1 19
                ]
            }
        )
        ( Lit
            ( SrcSpanInfo
                { srcInfoSpan = SrcSpan "<unknown>.hs" 1 12 1 13
                , srcInfoPoints = []
                }
            )
            ( Int
                ( SrcSpanInfo
                    { srcInfoSpan = SrcSpan "<unknown>.hs" 1 12 1 13
                    , srcInfoPoints = []
                    }
                ) 1 "1"
            )
        )
        ( Lit
            ( SrcSpanInfo
                { srcInfoSpan = SrcSpan "<unknown>.hs" 1 17 1 18
                , srcInfoPoints = []
                }
            )
            ( Int
                ( SrcSpanInfo
                    { srcInfoSpan = SrcSpan "<unknown>.hs" 1 17 1 18
                    , srcInfoPoints = []
                    }
                ) 3 "3"
            )
        )
    )
---- Original Code ----
Render 0 Front
---- Raw AST ----
App
    ( SrcSpanInfo
        { srcInfoSpan = SrcSpan "<unknown>.hs" 1 1 1 15
        , srcInfoPoints = []
        }
    )
    ( App
        ( SrcSpanInfo
            { srcInfoSpan = SrcSpan "<unknown>.hs" 1 1 1 9
            , srcInfoPoints = []
            }
        )
        ( Con
            ( SrcSpanInfo
                { srcInfoSpan = SrcSpan "<unknown>.hs" 1 1 1 7
                , srcInfoPoints = []
                }
            )
            ( UnQual
                ( SrcSpanInfo
                    { srcInfoSpan = SrcSpan "<unknown>.hs" 1 1 1 7
                    , srcInfoPoints = []
                    }
                )
                ( Ident
                    ( SrcSpanInfo
                        { srcInfoSpan = SrcSpan "<unknown>.hs" 1 1 1 7
                        , srcInfoPoints = []
                        }
                    ) "Render"
                )
            )
        )
        ( Lit
            ( SrcSpanInfo
                { srcInfoSpan = SrcSpan "<unknown>.hs" 1 8 1 9
                , srcInfoPoints = []
                }
            )
            ( Int
                ( SrcSpanInfo
                    { srcInfoSpan = SrcSpan "<unknown>.hs" 1 8 1 9
                    , srcInfoPoints = []
                    }
                ) 0 "0"
            )
        )
    )
    ( Con
        ( SrcSpanInfo
            { srcInfoSpan = SrcSpan "<unknown>.hs" 1 10 1 15
            , srcInfoPoints = []
            }
        )
        ( UnQual
            ( SrcSpanInfo
                { srcInfoSpan = SrcSpan "<unknown>.hs" 1 10 1 15
                , srcInfoPoints = []
                }
            )
            ( Ident
                ( SrcSpanInfo
                    { srcInfoSpan = SrcSpan "<unknown>.hs" 1 10 1 15
                    , srcInfoPoints = []
                    }
                ) "Front"
            )
        )
    )
---- Original Code ----
Colorways [0 ..] :> Fabric "*"
---- Raw AST ----
InfixApp
    ( SrcSpanInfo
        { srcInfoSpan = SrcSpan "<unknown>.hs" 1 1 1 31
        , srcInfoPoints = []
        }
    )
    ( App
        ( SrcSpanInfo
            { srcInfoSpan = SrcSpan "<unknown>.hs" 1 1 1 17
            , srcInfoPoints = []
            }
        )
        ( Con
            ( SrcSpanInfo
                { srcInfoSpan = SrcSpan "<unknown>.hs" 1 1 1 10
                , srcInfoPoints = []
                }
            )
            ( UnQual
                ( SrcSpanInfo
                    { srcInfoSpan = SrcSpan "<unknown>.hs" 1 1 1 10
                    , srcInfoPoints = []
                    }
                )
                ( Ident
                    ( SrcSpanInfo
                        { srcInfoSpan = SrcSpan "<unknown>.hs" 1 1 1 10
                        , srcInfoPoints = []
                        }
                    ) "Colorways"
                )
            )
        )
        ( EnumFrom
            ( SrcSpanInfo
                { srcInfoSpan = SrcSpan "<unknown>.hs" 1 11 1 17
                , srcInfoPoints =
                    [ SrcSpan "<unknown>.hs" 1 11 1 12
                    , SrcSpan "<unknown>.hs" 1 14 1 16
                    , SrcSpan "<unknown>.hs" 1 16 1 17
                    ]
                }
            )
            ( Lit
                ( SrcSpanInfo
                    { srcInfoSpan = SrcSpan "<unknown>.hs" 1 12 1 13
                    , srcInfoPoints = []
                    }
                )
                ( Int
                    ( SrcSpanInfo
                        { srcInfoSpan = SrcSpan "<unknown>.hs" 1 12 1 13
                        , srcInfoPoints = []
                        }
                    ) 0 "0"
                )
            )
        )
    )
    ( QConOp
        ( SrcSpanInfo
            { srcInfoSpan = SrcSpan "<unknown>.hs" 1 18 1 20
            , srcInfoPoints = []
            }
        )
        ( UnQual
            ( SrcSpanInfo
                { srcInfoSpan = SrcSpan "<unknown>.hs" 1 18 1 20
                , srcInfoPoints = []
                }
            )
            ( Symbol
                ( SrcSpanInfo
                    { srcInfoSpan = SrcSpan "<unknown>.hs" 1 18 1 20
                    , srcInfoPoints = []
                    }
                ) ":>"
            )
        )
    )
    ( App
        ( SrcSpanInfo
            { srcInfoSpan = SrcSpan "<unknown>.hs" 1 21 1 31
            , srcInfoPoints = []
            }
        )
        ( Con
            ( SrcSpanInfo
                { srcInfoSpan = SrcSpan "<unknown>.hs" 1 21 1 27
                , srcInfoPoints = []
                }
            )
            ( UnQual
                ( SrcSpanInfo
                    { srcInfoSpan = SrcSpan "<unknown>.hs" 1 21 1 27
                    , srcInfoPoints = []
                    }
                )
                ( Ident
                    ( SrcSpanInfo
                        { srcInfoSpan = SrcSpan "<unknown>.hs" 1 21 1 27
                        , srcInfoPoints = []
                        }
                    ) "Fabric"
                )
            )
        )
        ( Lit
            ( SrcSpanInfo
                { srcInfoSpan = SrcSpan "<unknown>.hs" 1 28 1 31
                , srcInfoPoints = []
                }
            )
            ( String
                ( SrcSpanInfo
                    { srcInfoSpan = SrcSpan "<unknown>.hs" 1 28 1 31
                    , srcInfoPoints = []
                    }
                ) "*" "*"
            )
        )
    )
---- Original Code ----
Colorways [0]
---- Raw AST ----
App
    ( SrcSpanInfo
        { srcInfoSpan = SrcSpan "<unknown>.hs" 1 1 1 14
        , srcInfoPoints = []
        }
    )
    ( Con
        ( SrcSpanInfo
            { srcInfoSpan = SrcSpan "<unknown>.hs" 1 1 1 10
            , srcInfoPoints = []
            }
        )
        ( UnQual
            ( SrcSpanInfo
                { srcInfoSpan = SrcSpan "<unknown>.hs" 1 1 1 10
                , srcInfoPoints = []
                }
            )
            ( Ident
                ( SrcSpanInfo
                    { srcInfoSpan = SrcSpan "<unknown>.hs" 1 1 1 10
                    , srcInfoPoints = []
                    }
                ) "Colorways"
            )
        )
    )
    ( List
        ( SrcSpanInfo
            { srcInfoSpan = SrcSpan "<unknown>.hs" 1 11 1 14
            , srcInfoPoints =
                [ SrcSpan "<unknown>.hs" 1 11 1 12
                , SrcSpan "<unknown>.hs" 1 13 1 14
                ]
            }
        )
        [ Lit
            ( SrcSpanInfo
                { srcInfoSpan = SrcSpan "<unknown>.hs" 1 12 1 13
                , srcInfoPoints = []
                }
            )
            ( Int
                ( SrcSpanInfo
                    { srcInfoSpan = SrcSpan "<unknown>.hs" 1 12 1 13
                    , srcInfoPoints = []
                    }
                ) 0 "0"
            )
        ]
    )
---- Original Code ----
HStack Logo (Render 0 Front)
---- Raw AST ----
App
    ( SrcSpanInfo
        { srcInfoSpan = SrcSpan "<unknown>.hs" 1 1 1 29
        , srcInfoPoints = []
        }
    )
    ( App
        ( SrcSpanInfo
            { srcInfoSpan = SrcSpan "<unknown>.hs" 1 1 1 12
            , srcInfoPoints = []
            }
        )
        ( Con
            ( SrcSpanInfo
                { srcInfoSpan = SrcSpan "<unknown>.hs" 1 1 1 7
                , srcInfoPoints = []
                }
            )
            ( UnQual
                ( SrcSpanInfo
                    { srcInfoSpan = SrcSpan "<unknown>.hs" 1 1 1 7
                    , srcInfoPoints = []
                    }
                )
                ( Ident
                    ( SrcSpanInfo
                        { srcInfoSpan = SrcSpan "<unknown>.hs" 1 1 1 7
                        , srcInfoPoints = []
                        }
                    ) "HStack"
                )
            )
        )
        ( Con
            ( SrcSpanInfo
                { srcInfoSpan = SrcSpan "<unknown>.hs" 1 8 1 12
                , srcInfoPoints = []
                }
            )
            ( UnQual
                ( SrcSpanInfo
                    { srcInfoSpan = SrcSpan "<unknown>.hs" 1 8 1 12
                    , srcInfoPoints = []
                    }
                )
                ( Ident
                    ( SrcSpanInfo
                        { srcInfoSpan = SrcSpan "<unknown>.hs" 1 8 1 12
                        , srcInfoPoints = []
                        }
                    ) "Logo"
                )
            )
        )
    )
    ( Paren
        ( SrcSpanInfo
            { srcInfoSpan = SrcSpan "<unknown>.hs" 1 13 1 29
            , srcInfoPoints =
                [ SrcSpan "<unknown>.hs" 1 13 1 14
                , SrcSpan "<unknown>.hs" 1 28 1 29
                ]
            }
        )
        ( App
            ( SrcSpanInfo
                { srcInfoSpan = SrcSpan "<unknown>.hs" 1 14 1 28
                , srcInfoPoints = []
                }
            )
            ( App
                ( SrcSpanInfo
                    { srcInfoSpan = SrcSpan "<unknown>.hs" 1 14 1 22
                    , srcInfoPoints = []
                    }
                )
                ( Con
                    ( SrcSpanInfo
                        { srcInfoSpan = SrcSpan "<unknown>.hs" 1 14 1 20
                        , srcInfoPoints = []
                        }
                    )
                    ( UnQual
                        ( SrcSpanInfo
                            { srcInfoSpan = SrcSpan "<unknown>.hs" 1 14 1 20
                            , srcInfoPoints = []
                            }
                        )
                        ( Ident
                            ( SrcSpanInfo
                                { srcInfoSpan = SrcSpan "<unknown>.hs" 1 14 1 20
                                , srcInfoPoints = []
                                }
                            ) "Render"
                        )
                    )
                )
                ( Lit
                    ( SrcSpanInfo
                        { srcInfoSpan = SrcSpan "<unknown>.hs" 1 21 1 22
                        , srcInfoPoints = []
                        }
                    )
                    ( Int
                        ( SrcSpanInfo
                            { srcInfoSpan = SrcSpan "<unknown>.hs" 1 21 1 22
                            , srcInfoPoints = []
                            }
                        ) 0 "0"
                    )
                )
            )
            ( Con
                ( SrcSpanInfo
                    { srcInfoSpan = SrcSpan "<unknown>.hs" 1 23 1 28
                    , srcInfoPoints = []
                    }
                )
                ( UnQual
                    ( SrcSpanInfo
                        { srcInfoSpan = SrcSpan "<unknown>.hs" 1 23 1 28
                        , srcInfoPoints = []
                        }
                    )
                    ( Ident
                        ( SrcSpanInfo
                            { srcInfoSpan = SrcSpan "<unknown>.hs" 1 23 1 28
                            , srcInfoPoints = []
                            }
                        ) "Front"
                    )
                )
            )
        )
    )
---- Original Code ----
Render [Front .. Right]
---- Raw AST ----
App
    ( SrcSpanInfo
        { srcInfoSpan = SrcSpan "<unknown>.hs" 1 1 1 24
        , srcInfoPoints = []
        }
    )
    ( Con
        ( SrcSpanInfo
            { srcInfoSpan = SrcSpan "<unknown>.hs" 1 1 1 7
            , srcInfoPoints = []
            }
        )
        ( UnQual
            ( SrcSpanInfo
                { srcInfoSpan = SrcSpan "<unknown>.hs" 1 1 1 7
                , srcInfoPoints = []
                }
            )
            ( Ident
                ( SrcSpanInfo
                    { srcInfoSpan = SrcSpan "<unknown>.hs" 1 1 1 7
                    , srcInfoPoints = []
                    }
                ) "Render"
            )
        )
    )
    ( EnumFromTo
        ( SrcSpanInfo
            { srcInfoSpan = SrcSpan "<unknown>.hs" 1 8 1 24
            , srcInfoPoints =
                [ SrcSpan "<unknown>.hs" 1 8 1 9
                , SrcSpan "<unknown>.hs" 1 15 1 17
                , SrcSpan "<unknown>.hs" 1 23 1 24
                ]
            }
        )
        ( Con
            ( SrcSpanInfo
                { srcInfoSpan = SrcSpan "<unknown>.hs" 1 9 1 14
                , srcInfoPoints = []
                }
            )
            ( UnQual
                ( SrcSpanInfo
                    { srcInfoSpan = SrcSpan "<unknown>.hs" 1 9 1 14
                    , srcInfoPoints = []
                    }
                )
                ( Ident
                    ( SrcSpanInfo
                        { srcInfoSpan = SrcSpan "<unknown>.hs" 1 9 1 14
                        , srcInfoPoints = []
                        }
                    ) "Front"
                )
            )
        )
        ( Con
            ( SrcSpanInfo
                { srcInfoSpan = SrcSpan "<unknown>.hs" 1 18 1 23
                , srcInfoPoints = []
                }
            )
            ( UnQual
                ( SrcSpanInfo
                    { srcInfoSpan = SrcSpan "<unknown>.hs" 1 18 1 23
                    , srcInfoPoints = []
                    }
                )
                ( Ident
                    ( SrcSpanInfo
                        { srcInfoSpan = SrcSpan "<unknown>.hs" 1 18 1 23
                        , srcInfoPoints = []
                        }
                    ) "Right"
                )
            )
        )
    )
---- Original Code ----
let a = 0 in a
---- Raw AST ----
Let
    ( SrcSpanInfo
        { srcInfoSpan = SrcSpan "<unknown>.hs" 1 1 1 15
        , srcInfoPoints =
            [ SrcSpan "<unknown>.hs" 1 1 1 4
            , SrcSpan "<unknown>.hs" 1 11 1 13
            ]
        }
    )
    ( BDecls
        ( SrcSpanInfo
            { srcInfoSpan = SrcSpan "<unknown>.hs" 1 5 1 10
            , srcInfoPoints =
                [ SrcSpan "<unknown>.hs" 1 5 1 5
                , SrcSpan "<unknown>.hs" 1 11 1 11
                ]
            }
        )
        [ PatBind
            ( SrcSpanInfo
                { srcInfoSpan = SrcSpan "<unknown>.hs" 1 5 1 10
                , srcInfoPoints = []
                }
            )
            ( PVar
                ( SrcSpanInfo
                    { srcInfoSpan = SrcSpan "<unknown>.hs" 1 5 1 6
                    , srcInfoPoints = []
                    }
                )
                ( Ident
                    ( SrcSpanInfo
                        { srcInfoSpan = SrcSpan "<unknown>.hs" 1 5 1 6
                        , srcInfoPoints = []
                        }
                    ) "a"
                )
            )
            ( UnGuardedRhs
                ( SrcSpanInfo
                    { srcInfoSpan = SrcSpan "<unknown>.hs" 1 7 1 10
                    , srcInfoPoints =
                        [ SrcSpan "<unknown>.hs" 1 7 1 8 ]
                    }
                )
                ( Lit
                    ( SrcSpanInfo
                        { srcInfoSpan = SrcSpan "<unknown>.hs" 1 9 1 10
                        , srcInfoPoints = []
                        }
                    )
                    ( Int
                        ( SrcSpanInfo
                            { srcInfoSpan = SrcSpan "<unknown>.hs" 1 9 1 10
                            , srcInfoPoints = []
                            }
                        ) 0 "0"
                    )
                )
            ) Nothing
        ]
    )
    ( Var
        ( SrcSpanInfo
            { srcInfoSpan = SrcSpan "<unknown>.hs" 1 14 1 15
            , srcInfoPoints = []
            }
        )
        ( UnQual
            ( SrcSpanInfo
                { srcInfoSpan = SrcSpan "<unknown>.hs" 1 14 1 15
                , srcInfoPoints = []
                }
            )
            ( Ident
                ( SrcSpanInfo
                    { srcInfoSpan = SrcSpan "<unknown>.hs" 1 14 1 15
                    , srcInfoPoints = []
                    }
                ) "a"
            )
        )
    )
---- Original Code ----
let in 0
---- Raw AST ----
Let
    ( SrcSpanInfo
        { srcInfoSpan = SrcSpan "<unknown>.hs" 1 1 1 9
        , srcInfoPoints =
            [ SrcSpan "<unknown>.hs" 1 1 1 4
            , SrcSpan "<unknown>.hs" 1 5 1 7
            ]
        }
    )
    ( BDecls
        ( SrcSpanInfo
            { srcInfoSpan = SrcSpan "<unknown>.hs" 1 5 1 5
            , srcInfoPoints =
                [ SrcSpan "<unknown>.hs" 1 5 1 5
                , SrcSpan "<unknown>.hs" 1 5 1 5
                ]
            }
        ) []
    )
    ( Lit
        ( SrcSpanInfo
            { srcInfoSpan = SrcSpan "<unknown>.hs" 1 8 1 9
            , srcInfoPoints = []
            }
        )
        ( Int
            ( SrcSpanInfo
                { srcInfoSpan = SrcSpan "<unknown>.hs" 1 8 1 9
                , srcInfoPoints = []
                }
            ) 0 "0"
        )
    )
